CRITICAL - 2021-06-25 04:37:44 --> Call to a member function getFormatter() on null
#0 C:\xampp\htdocs\icoop-portal\vendor\codeigniter4\framework\system\HTTP\Response.php(549): Config\Format->getFormatter('application/jso...')
#1 C:\xampp\htdocs\icoop-portal\vendor\codeigniter4\framework\system\HTTP\Response.php(450): CodeIgniter\HTTP\Response->formatBody(Array, 'json')
#2 C:\xampp\htdocs\icoop-portal\app\Controllers\Notifications.php(32): CodeIgniter\HTTP\Response->setJSON(Array)
#3 C:\xampp\htdocs\icoop-portal\vendor\codeigniter4\framework\system\CodeIgniter.php(918): App\Controllers\Notifications->get_user_notifications()
#4 C:\xampp\htdocs\icoop-portal\vendor\codeigniter4\framework\system\CodeIgniter.php(404): CodeIgniter\CodeIgniter->runController(Object(App\Controllers\Notifications))
#5 C:\xampp\htdocs\icoop-portal\vendor\codeigniter4\framework\system\CodeIgniter.php(312): CodeIgniter\CodeIgniter->handleRequest(NULL, Object(Config\Cache), false)
#6 C:\xampp\htdocs\icoop-portal\public\index.php(44): CodeIgniter\CodeIgniter->run()
#7 C:\xampp\htdocs\icoop-portal\vendor\codeigniter4\framework\system\Commands\Server\rewrite.php(34): require_once('C:\\xampp\\htdocs...')
#8 {main}
CRITICAL - 2021-06-25 04:37:44 --> Uncaught Error: Call to a member function getFormatter() on null in C:\xampp\htdocs\icoop-portal\app\Config\Format.php:77
Stack trace:
#0 C:\xampp\htdocs\icoop-portal\vendor\codeigniter4\framework\system\API\ResponseTrait.php(404): Config\Format->getFormatter('application/jso...')
#1 C:\xampp\htdocs\icoop-portal\vendor\codeigniter4\framework\system\API\ResponseTrait.php(134): CodeIgniter\Debug\Exceptions->format(Array)
#2 C:\xampp\htdocs\icoop-portal\vendor\codeigniter4\framework\system\Debug\Exceptions.php(168): CodeIgniter\Debug\Exceptions->respond(Array, 500)
#3 [internal function]: CodeIgniter\Debug\Exceptions->exceptionHandler(Object(Error))
#4 {main}
  thrown
#0 [internal function]: CodeIgniter\Debug\Exceptions->shutdownHandler()
#1 {main}
CRITICAL - 2021-06-25 04:37:49 --> Call to a member function getFormatter() on null
#0 C:\xampp\htdocs\icoop-portal\vendor\codeigniter4\framework\system\HTTP\Response.php(549): Config\Format->getFormatter('application/jso...')
#1 C:\xampp\htdocs\icoop-portal\vendor\codeigniter4\framework\system\HTTP\Response.php(450): CodeIgniter\HTTP\Response->formatBody(Array, 'json')
#2 C:\xampp\htdocs\icoop-portal\app\Controllers\Notifications.php(32): CodeIgniter\HTTP\Response->setJSON(Array)
#3 C:\xampp\htdocs\icoop-portal\vendor\codeigniter4\framework\system\CodeIgniter.php(918): App\Controllers\Notifications->get_user_notifications()
#4 C:\xampp\htdocs\icoop-portal\vendor\codeigniter4\framework\system\CodeIgniter.php(404): CodeIgniter\CodeIgniter->runController(Object(App\Controllers\Notifications))
#5 C:\xampp\htdocs\icoop-portal\vendor\codeigniter4\framework\system\CodeIgniter.php(312): CodeIgniter\CodeIgniter->handleRequest(NULL, Object(Config\Cache), false)
#6 C:\xampp\htdocs\icoop-portal\public\index.php(44): CodeIgniter\CodeIgniter->run()
#7 C:\xampp\htdocs\icoop-portal\vendor\codeigniter4\framework\system\Commands\Server\rewrite.php(34): require_once('C:\\xampp\\htdocs...')
#8 {main}
CRITICAL - 2021-06-25 04:37:49 --> Uncaught Error: Call to a member function getFormatter() on null in C:\xampp\htdocs\icoop-portal\app\Config\Format.php:77
Stack trace:
#0 C:\xampp\htdocs\icoop-portal\vendor\codeigniter4\framework\system\API\ResponseTrait.php(404): Config\Format->getFormatter('application/jso...')
#1 C:\xampp\htdocs\icoop-portal\vendor\codeigniter4\framework\system\API\ResponseTrait.php(134): CodeIgniter\Debug\Exceptions->format(Array)
#2 C:\xampp\htdocs\icoop-portal\vendor\codeigniter4\framework\system\Debug\Exceptions.php(168): CodeIgniter\Debug\Exceptions->respond(Array, 500)
#3 [internal function]: CodeIgniter\Debug\Exceptions->exceptionHandler(Object(Error))
#4 {main}
  thrown
#0 [internal function]: CodeIgniter\Debug\Exceptions->shutdownHandler()
#1 {main}
CRITICAL - 2021-06-25 04:37:54 --> Call to a member function getFormatter() on null
#0 C:\xampp\htdocs\icoop-portal\vendor\codeigniter4\framework\system\HTTP\Response.php(549): Config\Format->getFormatter('application/jso...')
#1 C:\xampp\htdocs\icoop-portal\vendor\codeigniter4\framework\system\HTTP\Response.php(450): CodeIgniter\HTTP\Response->formatBody(Array, 'json')
#2 C:\xampp\htdocs\icoop-portal\app\Controllers\Notifications.php(32): CodeIgniter\HTTP\Response->setJSON(Array)
#3 C:\xampp\htdocs\icoop-portal\vendor\codeigniter4\framework\system\CodeIgniter.php(918): App\Controllers\Notifications->get_user_notifications()
#4 C:\xampp\htdocs\icoop-portal\vendor\codeigniter4\framework\system\CodeIgniter.php(404): CodeIgniter\CodeIgniter->runController(Object(App\Controllers\Notifications))
#5 C:\xampp\htdocs\icoop-portal\vendor\codeigniter4\framework\system\CodeIgniter.php(312): CodeIgniter\CodeIgniter->handleRequest(NULL, Object(Config\Cache), false)
#6 C:\xampp\htdocs\icoop-portal\public\index.php(44): CodeIgniter\CodeIgniter->run()
#7 C:\xampp\htdocs\icoop-portal\vendor\codeigniter4\framework\system\Commands\Server\rewrite.php(34): require_once('C:\\xampp\\htdocs...')
#8 {main}
CRITICAL - 2021-06-25 04:37:54 --> Uncaught Error: Call to a member function getFormatter() on null in C:\xampp\htdocs\icoop-portal\app\Config\Format.php:77
Stack trace:
#0 C:\xampp\htdocs\icoop-portal\vendor\codeigniter4\framework\system\API\ResponseTrait.php(404): Config\Format->getFormatter('application/jso...')
#1 C:\xampp\htdocs\icoop-portal\vendor\codeigniter4\framework\system\API\ResponseTrait.php(134): CodeIgniter\Debug\Exceptions->format(Array)
#2 C:\xampp\htdocs\icoop-portal\vendor\codeigniter4\framework\system\Debug\Exceptions.php(168): CodeIgniter\Debug\Exceptions->respond(Array, 500)
#3 [internal function]: CodeIgniter\Debug\Exceptions->exceptionHandler(Object(Error))
#4 {main}
  thrown
#0 [internal function]: CodeIgniter\Debug\Exceptions->shutdownHandler()
#1 {main}
CRITICAL - 2021-06-25 04:37:59 --> Call to a member function getFormatter() on null
#0 C:\xampp\htdocs\icoop-portal\vendor\codeigniter4\framework\system\HTTP\Response.php(549): Config\Format->getFormatter('application/jso...')
#1 C:\xampp\htdocs\icoop-portal\vendor\codeigniter4\framework\system\HTTP\Response.php(450): CodeIgniter\HTTP\Response->formatBody(Array, 'json')
#2 C:\xampp\htdocs\icoop-portal\app\Controllers\Notifications.php(32): CodeIgniter\HTTP\Response->setJSON(Array)
#3 C:\xampp\htdocs\icoop-portal\vendor\codeigniter4\framework\system\CodeIgniter.php(918): App\Controllers\Notifications->get_user_notifications()
#4 C:\xampp\htdocs\icoop-portal\vendor\codeigniter4\framework\system\CodeIgniter.php(404): CodeIgniter\CodeIgniter->runController(Object(App\Controllers\Notifications))
#5 C:\xampp\htdocs\icoop-portal\vendor\codeigniter4\framework\system\CodeIgniter.php(312): CodeIgniter\CodeIgniter->handleRequest(NULL, Object(Config\Cache), false)
#6 C:\xampp\htdocs\icoop-portal\public\index.php(44): CodeIgniter\CodeIgniter->run()
#7 C:\xampp\htdocs\icoop-portal\vendor\codeigniter4\framework\system\Commands\Server\rewrite.php(34): require_once('C:\\xampp\\htdocs...')
#8 {main}
CRITICAL - 2021-06-25 04:37:59 --> Uncaught Error: Call to a member function getFormatter() on null in C:\xampp\htdocs\icoop-portal\app\Config\Format.php:77
Stack trace:
#0 C:\xampp\htdocs\icoop-portal\vendor\codeigniter4\framework\system\API\ResponseTrait.php(404): Config\Format->getFormatter('application/jso...')
#1 C:\xampp\htdocs\icoop-portal\vendor\codeigniter4\framework\system\API\ResponseTrait.php(134): CodeIgniter\Debug\Exceptions->format(Array)
#2 C:\xampp\htdocs\icoop-portal\vendor\codeigniter4\framework\system\Debug\Exceptions.php(168): CodeIgniter\Debug\Exceptions->respond(Array, 500)
#3 [internal function]: CodeIgniter\Debug\Exceptions->exceptionHandler(Object(Error))
#4 {main}
  thrown
#0 [internal function]: CodeIgniter\Debug\Exceptions->shutdownHandler()
#1 {main}
CRITICAL - 2021-06-25 04:38:01 --> Call to a member function getFormatter() on null
#0 C:\xampp\htdocs\icoop-portal\vendor\codeigniter4\framework\system\HTTP\Response.php(549): Config\Format->getFormatter('application/jso...')
#1 C:\xampp\htdocs\icoop-portal\vendor\codeigniter4\framework\system\HTTP\Response.php(450): CodeIgniter\HTTP\Response->formatBody(Array, 'json')
#2 C:\xampp\htdocs\icoop-portal\app\Controllers\Notifications.php(32): CodeIgniter\HTTP\Response->setJSON(Array)
#3 C:\xampp\htdocs\icoop-portal\vendor\codeigniter4\framework\system\CodeIgniter.php(918): App\Controllers\Notifications->get_user_notifications()
#4 C:\xampp\htdocs\icoop-portal\vendor\codeigniter4\framework\system\CodeIgniter.php(404): CodeIgniter\CodeIgniter->runController(Object(App\Controllers\Notifications))
#5 C:\xampp\htdocs\icoop-portal\vendor\codeigniter4\framework\system\CodeIgniter.php(312): CodeIgniter\CodeIgniter->handleRequest(NULL, Object(Config\Cache), false)
#6 C:\xampp\htdocs\icoop-portal\public\index.php(44): CodeIgniter\CodeIgniter->run()
#7 C:\xampp\htdocs\icoop-portal\vendor\codeigniter4\framework\system\Commands\Server\rewrite.php(34): require_once('C:\\xampp\\htdocs...')
#8 {main}
CRITICAL - 2021-06-25 04:38:01 --> Uncaught Error: Call to a member function getFormatter() on null in C:\xampp\htdocs\icoop-portal\app\Config\Format.php:77
Stack trace:
#0 C:\xampp\htdocs\icoop-portal\vendor\codeigniter4\framework\system\API\ResponseTrait.php(404): Config\Format->getFormatter('application/jso...')
#1 C:\xampp\htdocs\icoop-portal\vendor\codeigniter4\framework\system\API\ResponseTrait.php(134): CodeIgniter\Debug\Exceptions->format(Array)
#2 C:\xampp\htdocs\icoop-portal\vendor\codeigniter4\framework\system\Debug\Exceptions.php(168): CodeIgniter\Debug\Exceptions->respond(Array, 500)
#3 [internal function]: CodeIgniter\Debug\Exceptions->exceptionHandler(Object(Error))
#4 {main}
  thrown
#0 [internal function]: CodeIgniter\Debug\Exceptions->shutdownHandler()
#1 {main}
CRITICAL - 2021-06-25 04:38:06 --> Call to a member function getFormatter() on null
#0 C:\xampp\htdocs\icoop-portal\vendor\codeigniter4\framework\system\HTTP\Response.php(549): Config\Format->getFormatter('application/jso...')
#1 C:\xampp\htdocs\icoop-portal\vendor\codeigniter4\framework\system\HTTP\Response.php(450): CodeIgniter\HTTP\Response->formatBody(Array, 'json')
#2 C:\xampp\htdocs\icoop-portal\app\Controllers\Notifications.php(32): CodeIgniter\HTTP\Response->setJSON(Array)
#3 C:\xampp\htdocs\icoop-portal\vendor\codeigniter4\framework\system\CodeIgniter.php(918): App\Controllers\Notifications->get_user_notifications()
#4 C:\xampp\htdocs\icoop-portal\vendor\codeigniter4\framework\system\CodeIgniter.php(404): CodeIgniter\CodeIgniter->runController(Object(App\Controllers\Notifications))
#5 C:\xampp\htdocs\icoop-portal\vendor\codeigniter4\framework\system\CodeIgniter.php(312): CodeIgniter\CodeIgniter->handleRequest(NULL, Object(Config\Cache), false)
#6 C:\xampp\htdocs\icoop-portal\public\index.php(44): CodeIgniter\CodeIgniter->run()
#7 C:\xampp\htdocs\icoop-portal\vendor\codeigniter4\framework\system\Commands\Server\rewrite.php(34): require_once('C:\\xampp\\htdocs...')
#8 {main}
CRITICAL - 2021-06-25 04:38:06 --> Uncaught Error: Call to a member function getFormatter() on null in C:\xampp\htdocs\icoop-portal\app\Config\Format.php:77
Stack trace:
#0 C:\xampp\htdocs\icoop-portal\vendor\codeigniter4\framework\system\API\ResponseTrait.php(404): Config\Format->getFormatter('application/jso...')
#1 C:\xampp\htdocs\icoop-portal\vendor\codeigniter4\framework\system\API\ResponseTrait.php(134): CodeIgniter\Debug\Exceptions->format(Array)
#2 C:\xampp\htdocs\icoop-portal\vendor\codeigniter4\framework\system\Debug\Exceptions.php(168): CodeIgniter\Debug\Exceptions->respond(Array, 500)
#3 [internal function]: CodeIgniter\Debug\Exceptions->exceptionHandler(Object(Error))
#4 {main}
  thrown
#0 [internal function]: CodeIgniter\Debug\Exceptions->shutdownHandler()
#1 {main}
CRITICAL - 2021-06-25 04:38:11 --> Call to a member function getFormatter() on null
#0 C:\xampp\htdocs\icoop-portal\vendor\codeigniter4\framework\system\HTTP\Response.php(549): Config\Format->getFormatter('application/jso...')
#1 C:\xampp\htdocs\icoop-portal\vendor\codeigniter4\framework\system\HTTP\Response.php(450): CodeIgniter\HTTP\Response->formatBody(Array, 'json')
#2 C:\xampp\htdocs\icoop-portal\app\Controllers\Notifications.php(32): CodeIgniter\HTTP\Response->setJSON(Array)
#3 C:\xampp\htdocs\icoop-portal\vendor\codeigniter4\framework\system\CodeIgniter.php(918): App\Controllers\Notifications->get_user_notifications()
#4 C:\xampp\htdocs\icoop-portal\vendor\codeigniter4\framework\system\CodeIgniter.php(404): CodeIgniter\CodeIgniter->runController(Object(App\Controllers\Notifications))
#5 C:\xampp\htdocs\icoop-portal\vendor\codeigniter4\framework\system\CodeIgniter.php(312): CodeIgniter\CodeIgniter->handleRequest(NULL, Object(Config\Cache), false)
#6 C:\xampp\htdocs\icoop-portal\public\index.php(44): CodeIgniter\CodeIgniter->run()
#7 C:\xampp\htdocs\icoop-portal\vendor\codeigniter4\framework\system\Commands\Server\rewrite.php(34): require_once('C:\\xampp\\htdocs...')
#8 {main}
CRITICAL - 2021-06-25 04:38:11 --> Uncaught Error: Call to a member function getFormatter() on null in C:\xampp\htdocs\icoop-portal\app\Config\Format.php:77
Stack trace:
#0 C:\xampp\htdocs\icoop-portal\vendor\codeigniter4\framework\system\API\ResponseTrait.php(404): Config\Format->getFormatter('application/jso...')
#1 C:\xampp\htdocs\icoop-portal\vendor\codeigniter4\framework\system\API\ResponseTrait.php(134): CodeIgniter\Debug\Exceptions->format(Array)
#2 C:\xampp\htdocs\icoop-portal\vendor\codeigniter4\framework\system\Debug\Exceptions.php(168): CodeIgniter\Debug\Exceptions->respond(Array, 500)
#3 [internal function]: CodeIgniter\Debug\Exceptions->exceptionHandler(Object(Error))
#4 {main}
  thrown
#0 [internal function]: CodeIgniter\Debug\Exceptions->shutdownHandler()
#1 {main}
CRITICAL - 2021-06-25 04:38:16 --> Call to a member function getFormatter() on null
#0 C:\xampp\htdocs\icoop-portal\vendor\codeigniter4\framework\system\HTTP\Response.php(549): Config\Format->getFormatter('application/jso...')
#1 C:\xampp\htdocs\icoop-portal\vendor\codeigniter4\framework\system\HTTP\Response.php(450): CodeIgniter\HTTP\Response->formatBody(Array, 'json')
#2 C:\xampp\htdocs\icoop-portal\app\Controllers\Notifications.php(32): CodeIgniter\HTTP\Response->setJSON(Array)
#3 C:\xampp\htdocs\icoop-portal\vendor\codeigniter4\framework\system\CodeIgniter.php(918): App\Controllers\Notifications->get_user_notifications()
#4 C:\xampp\htdocs\icoop-portal\vendor\codeigniter4\framework\system\CodeIgniter.php(404): CodeIgniter\CodeIgniter->runController(Object(App\Controllers\Notifications))
#5 C:\xampp\htdocs\icoop-portal\vendor\codeigniter4\framework\system\CodeIgniter.php(312): CodeIgniter\CodeIgniter->handleRequest(NULL, Object(Config\Cache), false)
#6 C:\xampp\htdocs\icoop-portal\public\index.php(44): CodeIgniter\CodeIgniter->run()
#7 C:\xampp\htdocs\icoop-portal\vendor\codeigniter4\framework\system\Commands\Server\rewrite.php(34): require_once('C:\\xampp\\htdocs...')
#8 {main}
CRITICAL - 2021-06-25 04:38:16 --> Uncaught Error: Call to a member function getFormatter() on null in C:\xampp\htdocs\icoop-portal\app\Config\Format.php:77
Stack trace:
#0 C:\xampp\htdocs\icoop-portal\vendor\codeigniter4\framework\system\API\ResponseTrait.php(404): Config\Format->getFormatter('application/jso...')
#1 C:\xampp\htdocs\icoop-portal\vendor\codeigniter4\framework\system\API\ResponseTrait.php(134): CodeIgniter\Debug\Exceptions->format(Array)
#2 C:\xampp\htdocs\icoop-portal\vendor\codeigniter4\framework\system\Debug\Exceptions.php(168): CodeIgniter\Debug\Exceptions->respond(Array, 500)
#3 [internal function]: CodeIgniter\Debug\Exceptions->exceptionHandler(Object(Error))
#4 {main}
  thrown
#0 [internal function]: CodeIgniter\Debug\Exceptions->shutdownHandler()
#1 {main}
CRITICAL - 2021-06-25 04:38:21 --> Call to a member function getFormatter() on null
#0 C:\xampp\htdocs\icoop-portal\vendor\codeigniter4\framework\system\HTTP\Response.php(549): Config\Format->getFormatter('application/jso...')
#1 C:\xampp\htdocs\icoop-portal\vendor\codeigniter4\framework\system\HTTP\Response.php(450): CodeIgniter\HTTP\Response->formatBody(Array, 'json')
#2 C:\xampp\htdocs\icoop-portal\app\Controllers\Notifications.php(32): CodeIgniter\HTTP\Response->setJSON(Array)
#3 C:\xampp\htdocs\icoop-portal\vendor\codeigniter4\framework\system\CodeIgniter.php(918): App\Controllers\Notifications->get_user_notifications()
#4 C:\xampp\htdocs\icoop-portal\vendor\codeigniter4\framework\system\CodeIgniter.php(404): CodeIgniter\CodeIgniter->runController(Object(App\Controllers\Notifications))
#5 C:\xampp\htdocs\icoop-portal\vendor\codeigniter4\framework\system\CodeIgniter.php(312): CodeIgniter\CodeIgniter->handleRequest(NULL, Object(Config\Cache), false)
#6 C:\xampp\htdocs\icoop-portal\public\index.php(44): CodeIgniter\CodeIgniter->run()
#7 C:\xampp\htdocs\icoop-portal\vendor\codeigniter4\framework\system\Commands\Server\rewrite.php(34): require_once('C:\\xampp\\htdocs...')
#8 {main}
CRITICAL - 2021-06-25 04:38:21 --> Uncaught Error: Call to a member function getFormatter() on null in C:\xampp\htdocs\icoop-portal\app\Config\Format.php:77
Stack trace:
#0 C:\xampp\htdocs\icoop-portal\vendor\codeigniter4\framework\system\API\ResponseTrait.php(404): Config\Format->getFormatter('application/jso...')
#1 C:\xampp\htdocs\icoop-portal\vendor\codeigniter4\framework\system\API\ResponseTrait.php(134): CodeIgniter\Debug\Exceptions->format(Array)
#2 C:\xampp\htdocs\icoop-portal\vendor\codeigniter4\framework\system\Debug\Exceptions.php(168): CodeIgniter\Debug\Exceptions->respond(Array, 500)
#3 [internal function]: CodeIgniter\Debug\Exceptions->exceptionHandler(Object(Error))
#4 {main}
  thrown
#0 [internal function]: CodeIgniter\Debug\Exceptions->shutdownHandler()
#1 {main}
