CRITICAL - 2021-02-08 10:32:48 --> Unable to connect to the database.
#0 C:\xampp\htdocs\icoop\vendor\codeigniter4\framework\system\Database\BaseConnection.php(646): CodeIgniter\Database\BaseConnection->initialize()
#1 C:\xampp\htdocs\icoop\vendor\codeigniter4\framework\system\Database\BaseBuilder.php(1860): CodeIgniter\Database\BaseConnection->query('SELECT *\nFROM `...', Array, false)
#2 C:\xampp\htdocs\icoop\vendor\codeigniter4\framework\system\Model.php(506): CodeIgniter\Database\BaseBuilder->get()
#3 C:\xampp\htdocs\icoop\app\Controllers\Usercontroller.php(68): CodeIgniter\Model->first()
#4 C:\xampp\htdocs\icoop\vendor\codeigniter4\framework\system\CodeIgniter.php(918): App\Controllers\Usercontroller->login()
#5 C:\xampp\htdocs\icoop\vendor\codeigniter4\framework\system\CodeIgniter.php(404): CodeIgniter\CodeIgniter->runController(Object(App\Controllers\Usercontroller))
#6 C:\xampp\htdocs\icoop\vendor\codeigniter4\framework\system\CodeIgniter.php(312): CodeIgniter\CodeIgniter->handleRequest(NULL, Object(Config\Cache), false)
#7 C:\xampp\htdocs\icoop\public\index.php(45): CodeIgniter\CodeIgniter->run()
#8 C:\xampp\htdocs\icoop\vendor\codeigniter4\framework\system\Commands\Server\rewrite.php(34): require_once('C:\\xampp\\htdocs...')
#9 {main}
CRITICAL - 2021-02-08 11:42:52 --> Invalid file: pages/routine/interest_routine_base.php
#0 C:\xampp\htdocs\icoop\vendor\codeigniter4\framework\system\View\View.php(228): CodeIgniter\Exceptions\FrameworkException::forInvalidFile('pages/routine/i...')
#1 C:\xampp\htdocs\icoop\vendor\codeigniter4\framework\system\Common.php(1119): CodeIgniter\View\View->render('pages/routine/i...', Array, true)
#2 C:\xampp\htdocs\icoop\app\Controllers\BaseController.php(61): view('pages/routine/i...', Array)
#3 C:\xampp\htdocs\icoop\app\Controllers\Routine.php(319): App\Controllers\BaseController->authenticate_user('administrator@a...', 'pages/routine/i...', Array)
#4 C:\xampp\htdocs\icoop\vendor\codeigniter4\framework\system\CodeIgniter.php(918): App\Controllers\Routine->interest_routine()
#5 C:\xampp\htdocs\icoop\vendor\codeigniter4\framework\system\CodeIgniter.php(404): CodeIgniter\CodeIgniter->runController(Object(App\Controllers\Routine))
#6 C:\xampp\htdocs\icoop\vendor\codeigniter4\framework\system\CodeIgniter.php(312): CodeIgniter\CodeIgniter->handleRequest(NULL, Object(Config\Cache), false)
#7 C:\xampp\htdocs\icoop\public\index.php(45): CodeIgniter\CodeIgniter->run()
#8 C:\xampp\htdocs\icoop\vendor\codeigniter4\framework\system\Commands\Server\rewrite.php(34): require_once('C:\\xampp\\htdocs...')
#9 {main}
CRITICAL - 2021-02-08 14:29:45 --> Unknown column 'payment_details.pd_ct_id' in 'group statement'
#0 C:\xampp\htdocs\icoop\vendor\codeigniter4\framework\system\Database\MySQLi\Connection.php(331): mysqli->query('SELECT *\nFROM `...')
#1 C:\xampp\htdocs\icoop\vendor\codeigniter4\framework\system\Database\BaseConnection.php(741): CodeIgniter\Database\MySQLi\Connection->execute('SELECT *\nFROM `...')
#2 C:\xampp\htdocs\icoop\vendor\codeigniter4\framework\system\Database\BaseConnection.php(669): CodeIgniter\Database\BaseConnection->simpleQuery('SELECT *\nFROM `...')
#3 C:\xampp\htdocs\icoop\vendor\codeigniter4\framework\system\Database\BaseBuilder.php(1860): CodeIgniter\Database\BaseConnection->query('SELECT *\nFROM `...', Array, false)
#4 C:\xampp\htdocs\icoop\app\Models\LoanModel.php(46): CodeIgniter\Database\BaseBuilder->get()
#5 C:\xampp\htdocs\icoop\app\Controllers\Routine.php(368): App\Models\LoanModel->get_interestable_loans('2021-02-08')
#6 C:\xampp\htdocs\icoop\vendor\codeigniter4\framework\system\CodeIgniter.php(918): App\Controllers\Routine->interest_routine()
#7 C:\xampp\htdocs\icoop\vendor\codeigniter4\framework\system\CodeIgniter.php(404): CodeIgniter\CodeIgniter->runController(Object(App\Controllers\Routine))
#8 C:\xampp\htdocs\icoop\vendor\codeigniter4\framework\system\CodeIgniter.php(312): CodeIgniter\CodeIgniter->handleRequest(NULL, Object(Config\Cache), false)
#9 C:\xampp\htdocs\icoop\public\index.php(45): CodeIgniter\CodeIgniter->run()
#10 C:\xampp\htdocs\icoop\vendor\codeigniter4\framework\system\Commands\Server\rewrite.php(34): require_once('C:\\xampp\\htdocs...')
#11 {main}
CRITICAL - 2021-02-08 15:12:58 --> Undefined property: stdClass::$lr_loan_id
#0 C:\xampp\htdocs\icoop\app\Controllers\Routine.php(379): CodeIgniter\Debug\Exceptions->errorHandler(8, 'Undefined prope...', 'C:\\xampp\\htdocs...', 379, Array)
#1 C:\xampp\htdocs\icoop\vendor\codeigniter4\framework\system\CodeIgniter.php(918): App\Controllers\Routine->interest_routine()
#2 C:\xampp\htdocs\icoop\vendor\codeigniter4\framework\system\CodeIgniter.php(404): CodeIgniter\CodeIgniter->runController(Object(App\Controllers\Routine))
#3 C:\xampp\htdocs\icoop\vendor\codeigniter4\framework\system\CodeIgniter.php(312): CodeIgniter\CodeIgniter->handleRequest(NULL, Object(Config\Cache), false)
#4 C:\xampp\htdocs\icoop\public\index.php(45): CodeIgniter\CodeIgniter->run()
#5 C:\xampp\htdocs\icoop\vendor\codeigniter4\framework\system\Commands\Server\rewrite.php(34): require_once('C:\\xampp\\htdocs...')
#6 {main}
CRITICAL - 2021-02-08 15:14:21 --> Class 'App\Controllers\DateTime' not found
#0 C:\xampp\htdocs\icoop\vendor\codeigniter4\framework\system\CodeIgniter.php(918): App\Controllers\Routine->interest_routine()
#1 C:\xampp\htdocs\icoop\vendor\codeigniter4\framework\system\CodeIgniter.php(404): CodeIgniter\CodeIgniter->runController(Object(App\Controllers\Routine))
#2 C:\xampp\htdocs\icoop\vendor\codeigniter4\framework\system\CodeIgniter.php(312): CodeIgniter\CodeIgniter->handleRequest(NULL, Object(Config\Cache), false)
#3 C:\xampp\htdocs\icoop\public\index.php(45): CodeIgniter\CodeIgniter->run()
#4 C:\xampp\htdocs\icoop\vendor\codeigniter4\framework\system\Commands\Server\rewrite.php(34): require_once('C:\\xampp\\htdocs...')
#5 {main}
CRITICAL - 2021-02-08 15:35:51 --> Undefined index: pd_drcrtype
#0 C:\xampp\htdocs\icoop\app\Controllers\Routine.php(389): CodeIgniter\Debug\Exceptions->errorHandler(8, 'Undefined index...', 'C:\\xampp\\htdocs...', 389, Array)
#1 C:\xampp\htdocs\icoop\vendor\codeigniter4\framework\system\CodeIgniter.php(918): App\Controllers\Routine->interest_routine()
#2 C:\xampp\htdocs\icoop\vendor\codeigniter4\framework\system\CodeIgniter.php(404): CodeIgniter\CodeIgniter->runController(Object(App\Controllers\Routine))
#3 C:\xampp\htdocs\icoop\vendor\codeigniter4\framework\system\CodeIgniter.php(312): CodeIgniter\CodeIgniter->handleRequest(NULL, Object(Config\Cache), false)
#4 C:\xampp\htdocs\icoop\public\index.php(45): CodeIgniter\CodeIgniter->run()
#5 C:\xampp\htdocs\icoop\vendor\codeigniter4\framework\system\Commands\Server\rewrite.php(34): require_once('C:\\xampp\\htdocs...')
#6 {main}
CRITICAL - 2021-02-08 16:13:46 --> Unknown column 'lr_staff_id' in 'where clause'
#0 C:\xampp\htdocs\icoop\vendor\codeigniter4\framework\system\Database\MySQLi\Connection.php(331): mysqli->query('select year(lr_...')
#1 C:\xampp\htdocs\icoop\vendor\codeigniter4\framework\system\Database\BaseConnection.php(741): CodeIgniter\Database\MySQLi\Connection->execute('select year(lr_...')
#2 C:\xampp\htdocs\icoop\vendor\codeigniter4\framework\system\Database\BaseConnection.php(669): CodeIgniter\Database\BaseConnection->simpleQuery('select year(lr_...')
#3 C:\xampp\htdocs\icoop\app\Models\LoanRepaymentModel.php(16): CodeIgniter\Database\BaseConnection->query('select year(lr_...')
#4 C:\xampp\htdocs\icoop\app\Controllers\Cooperators.php(878): App\Models\LoanRepaymentModel->get_year_loan('12345')
#5 C:\xampp\htdocs\icoop\vendor\codeigniter4\framework\system\CodeIgniter.php(918): App\Controllers\Cooperators->loan_ledger('12345')
#6 C:\xampp\htdocs\icoop\vendor\codeigniter4\framework\system\CodeIgniter.php(404): CodeIgniter\CodeIgniter->runController(Object(App\Controllers\Cooperators))
#7 C:\xampp\htdocs\icoop\vendor\codeigniter4\framework\system\CodeIgniter.php(312): CodeIgniter\CodeIgniter->handleRequest(NULL, Object(Config\Cache), false)
#8 C:\xampp\htdocs\icoop\public\index.php(45): CodeIgniter\CodeIgniter->run()
#9 C:\xampp\htdocs\icoop\vendor\codeigniter4\framework\system\Commands\Server\rewrite.php(34): require_once('C:\\xampp\\htdocs...')
#10 {main}
CRITICAL - 2021-02-08 16:22:01 --> You have an error in your SQL syntax; check the manual that corresponds to your MariaDB server version for the right syntax to use near 'where loans.staff_id = '12345' group by year(loan_repayments.lr_date)' at line 2
#0 C:\xampp\htdocs\icoop\vendor\codeigniter4\framework\system\Database\MySQLi\Connection.php(331): mysqli->query('select year(loa...')
#1 C:\xampp\htdocs\icoop\vendor\codeigniter4\framework\system\Database\BaseConnection.php(741): CodeIgniter\Database\MySQLi\Connection->execute('select year(loa...')
#2 C:\xampp\htdocs\icoop\vendor\codeigniter4\framework\system\Database\BaseConnection.php(669): CodeIgniter\Database\BaseConnection->simpleQuery('select year(loa...')
#3 C:\xampp\htdocs\icoop\app\Models\LoanRepaymentModel.php(17): CodeIgniter\Database\BaseConnection->query('select year(loa...')
#4 C:\xampp\htdocs\icoop\app\Controllers\Cooperators.php(878): App\Models\LoanRepaymentModel->get_year_loan('12345')
#5 C:\xampp\htdocs\icoop\vendor\codeigniter4\framework\system\CodeIgniter.php(918): App\Controllers\Cooperators->loan_ledger('12345')
#6 C:\xampp\htdocs\icoop\vendor\codeigniter4\framework\system\CodeIgniter.php(404): CodeIgniter\CodeIgniter->runController(Object(App\Controllers\Cooperators))
#7 C:\xampp\htdocs\icoop\vendor\codeigniter4\framework\system\CodeIgniter.php(312): CodeIgniter\CodeIgniter->handleRequest(NULL, Object(Config\Cache), false)
#8 C:\xampp\htdocs\icoop\public\index.php(45): CodeIgniter\CodeIgniter->run()
#9 C:\xampp\htdocs\icoop\vendor\codeigniter4\framework\system\Commands\Server\rewrite.php(34): require_once('C:\\xampp\\htdocs...')
#10 {main}
CRITICAL - 2021-02-08 17:12:43 --> Cannot use object of type stdClass as array
#0 C:\xampp\htdocs\icoop\vendor\codeigniter4\framework\system\View\View.php(246): include()
#1 C:\xampp\htdocs\icoop\vendor\codeigniter4\framework\system\Common.php(1119): CodeIgniter\View\View->render('pages/cooperato...', Array, true)
#2 C:\xampp\htdocs\icoop\app\Controllers\BaseController.php(61): view('pages/cooperato...', Array)
#3 C:\xampp\htdocs\icoop\app\Controllers\Cooperators.php(814): App\Controllers\BaseController->authenticate_user('administrator@a...', 'pages/cooperato...', Array)
#4 C:\xampp\htdocs\icoop\vendor\codeigniter4\framework\system\CodeIgniter.php(918): App\Controllers\Cooperators->loan_ledger('12345')
#5 C:\xampp\htdocs\icoop\vendor\codeigniter4\framework\system\CodeIgniter.php(404): CodeIgniter\CodeIgniter->runController(Object(App\Controllers\Cooperators))
#6 C:\xampp\htdocs\icoop\vendor\codeigniter4\framework\system\CodeIgniter.php(312): CodeIgniter\CodeIgniter->handleRequest(NULL, Object(Config\Cache), false)
#7 C:\xampp\htdocs\icoop\public\index.php(45): CodeIgniter\CodeIgniter->run()
#8 C:\xampp\htdocs\icoop\vendor\codeigniter4\framework\system\Commands\Server\rewrite.php(34): require_once('C:\\xampp\\htdocs...')
#9 {main}
CRITICAL - 2021-02-08 17:13:37 --> Undefined index: pd_amount
#0 C:\xampp\htdocs\icoop\app\Views\pages\cooperators\loan_ledger.php(132): CodeIgniter\Debug\Exceptions->errorHandler(8, 'Undefined index...', 'C:\\xampp\\htdocs...', 132, Array)
#1 C:\xampp\htdocs\icoop\vendor\codeigniter4\framework\system\View\View.php(246): include('C:\\xampp\\htdocs...')
#2 C:\xampp\htdocs\icoop\vendor\codeigniter4\framework\system\Common.php(1119): CodeIgniter\View\View->render('pages/cooperato...', Array, true)
#3 C:\xampp\htdocs\icoop\app\Controllers\BaseController.php(61): view('pages/cooperato...', Array)
#4 C:\xampp\htdocs\icoop\app\Controllers\Cooperators.php(814): App\Controllers\BaseController->authenticate_user('administrator@a...', 'pages/cooperato...', Array)
#5 C:\xampp\htdocs\icoop\vendor\codeigniter4\framework\system\CodeIgniter.php(918): App\Controllers\Cooperators->loan_ledger('12345')
#6 C:\xampp\htdocs\icoop\vendor\codeigniter4\framework\system\CodeIgniter.php(404): CodeIgniter\CodeIgniter->runController(Object(App\Controllers\Cooperators))
#7 C:\xampp\htdocs\icoop\vendor\codeigniter4\framework\system\CodeIgniter.php(312): CodeIgniter\CodeIgniter->handleRequest(NULL, Object(Config\Cache), false)
#8 C:\xampp\htdocs\icoop\public\index.php(45): CodeIgniter\CodeIgniter->run()
#9 C:\xampp\htdocs\icoop\vendor\codeigniter4\framework\system\Commands\Server\rewrite.php(34): require_once('C:\\xampp\\htdocs...')
#10 {main}
CRITICAL - 2021-02-08 17:20:09 --> Undefined variable: ledger
#0 C:\xampp\htdocs\icoop\app\Views\pages\cooperators\loan_ledger.php(129): CodeIgniter\Debug\Exceptions->errorHandler(8, 'Undefined varia...', 'C:\\xampp\\htdocs...', 129, Array)
#1 C:\xampp\htdocs\icoop\vendor\codeigniter4\framework\system\View\View.php(246): include('C:\\xampp\\htdocs...')
#2 C:\xampp\htdocs\icoop\vendor\codeigniter4\framework\system\Common.php(1119): CodeIgniter\View\View->render('pages/cooperato...', Array, true)
#3 C:\xampp\htdocs\icoop\app\Controllers\BaseController.php(61): view('pages/cooperato...', Array)
#4 C:\xampp\htdocs\icoop\app\Controllers\Cooperators.php(814): App\Controllers\BaseController->authenticate_user('administrator@a...', 'pages/cooperato...', Array)
#5 C:\xampp\htdocs\icoop\vendor\codeigniter4\framework\system\CodeIgniter.php(918): App\Controllers\Cooperators->loan_ledger('12345')
#6 C:\xampp\htdocs\icoop\vendor\codeigniter4\framework\system\CodeIgniter.php(404): CodeIgniter\CodeIgniter->runController(Object(App\Controllers\Cooperators))
#7 C:\xampp\htdocs\icoop\vendor\codeigniter4\framework\system\CodeIgniter.php(312): CodeIgniter\CodeIgniter->handleRequest(NULL, Object(Config\Cache), false)
#8 C:\xampp\htdocs\icoop\public\index.php(45): CodeIgniter\CodeIgniter->run()
#9 C:\xampp\htdocs\icoop\vendor\codeigniter4\framework\system\Commands\Server\rewrite.php(34): require_once('C:\\xampp\\htdocs...')
#10 {main}
CRITICAL - 2021-02-08 17:37:17 --> Undefined variable: loan_id
#0 C:\xampp\htdocs\icoop\app\Controllers\Cooperators.php(901): CodeIgniter\Debug\Exceptions->errorHandler(8, 'Undefined varia...', 'C:\\xampp\\htdocs...', 901, Array)
#1 C:\xampp\htdocs\icoop\vendor\codeigniter4\framework\system\CodeIgniter.php(918): App\Controllers\Cooperators->loan_ledger('12345')
#2 C:\xampp\htdocs\icoop\vendor\codeigniter4\framework\system\CodeIgniter.php(404): CodeIgniter\CodeIgniter->runController(Object(App\Controllers\Cooperators))
#3 C:\xampp\htdocs\icoop\vendor\codeigniter4\framework\system\CodeIgniter.php(312): CodeIgniter\CodeIgniter->handleRequest(NULL, Object(Config\Cache), false)
#4 C:\xampp\htdocs\icoop\public\index.php(45): CodeIgniter\CodeIgniter->run()
#5 C:\xampp\htdocs\icoop\vendor\codeigniter4\framework\system\Commands\Server\rewrite.php(34): require_once('C:\\xampp\\htdocs...')
#6 {main}
CRITICAL - 2021-02-08 18:16:35 --> Undefined index: loan_setup_id
#0 C:\xampp\htdocs\icoop\app\Views\pages\cooperators\outstanding_loan_ledger.php(70): CodeIgniter\Debug\Exceptions->errorHandler(8, 'Undefined index...', 'C:\\xampp\\htdocs...', 70, Array)
#1 C:\xampp\htdocs\icoop\vendor\codeigniter4\framework\system\View\View.php(246): include('C:\\xampp\\htdocs...')
#2 C:\xampp\htdocs\icoop\vendor\codeigniter4\framework\system\Common.php(1119): CodeIgniter\View\View->render('pages/cooperato...', Array, true)
#3 C:\xampp\htdocs\icoop\app\Controllers\BaseController.php(61): view('pages/cooperato...', Array)
#4 C:\xampp\htdocs\icoop\app\Controllers\Cooperators.php(959): App\Controllers\BaseController->authenticate_user('administrator@a...', 'pages/cooperato...', Array)
#5 C:\xampp\htdocs\icoop\vendor\codeigniter4\framework\system\CodeIgniter.php(918): App\Controllers\Cooperators->loan_ledger('12345')
#6 C:\xampp\htdocs\icoop\vendor\codeigniter4\framework\system\CodeIgniter.php(404): CodeIgniter\CodeIgniter->runController(Object(App\Controllers\Cooperators))
#7 C:\xampp\htdocs\icoop\vendor\codeigniter4\framework\system\CodeIgniter.php(312): CodeIgniter\CodeIgniter->handleRequest(NULL, Object(Config\Cache), false)
#8 C:\xampp\htdocs\icoop\public\index.php(45): CodeIgniter\CodeIgniter->run()
#9 C:\xampp\htdocs\icoop\vendor\codeigniter4\framework\system\Commands\Server\rewrite.php(34): require_once('C:\\xampp\\htdocs...')
#10 {main}
CRITICAL - 2021-02-08 18:23:24 --> You have an error in your SQL syntax; check the manual that corresponds to your MariaDB server version for the right syntax to use near '' at line 7
#0 C:\xampp\htdocs\icoop\vendor\codeigniter4\framework\system\Database\MySQLi\Connection.php(331): mysqli->query('SELECT *\nFROM `...')
#1 C:\xampp\htdocs\icoop\vendor\codeigniter4\framework\system\Database\BaseConnection.php(741): CodeIgniter\Database\MySQLi\Connection->execute('SELECT *\nFROM `...')
#2 C:\xampp\htdocs\icoop\vendor\codeigniter4\framework\system\Database\BaseConnection.php(669): CodeIgniter\Database\BaseConnection->simpleQuery('SELECT *\nFROM `...')
#3 C:\xampp\htdocs\icoop\vendor\codeigniter4\framework\system\Database\BaseBuilder.php(1860): CodeIgniter\Database\BaseConnection->query('SELECT *\nFROM `...', Array, false)
#4 C:\xampp\htdocs\icoop\app\Models\LoanModel.php(75): CodeIgniter\Database\BaseBuilder->get()
#5 C:\xampp\htdocs\icoop\app\Controllers\Cooperators.php(828): App\Models\LoanModel->get_loan_ledger_past_year('12345', '4', NULL)
#6 C:\xampp\htdocs\icoop\vendor\codeigniter4\framework\system\CodeIgniter.php(918): App\Controllers\Cooperators->loan_ledger('12345')
#7 C:\xampp\htdocs\icoop\vendor\codeigniter4\framework\system\CodeIgniter.php(404): CodeIgniter\CodeIgniter->runController(Object(App\Controllers\Cooperators))
#8 C:\xampp\htdocs\icoop\vendor\codeigniter4\framework\system\CodeIgniter.php(312): CodeIgniter\CodeIgniter->handleRequest(NULL, Object(Config\Cache), false)
#9 C:\xampp\htdocs\icoop\public\index.php(45): CodeIgniter\CodeIgniter->run()
#10 C:\xampp\htdocs\icoop\vendor\codeigniter4\framework\system\Commands\Server\rewrite.php(34): require_once('C:\\xampp\\htdocs...')
#11 {main}
CRITICAL - 2021-02-08 18:26:11 --> You have an error in your SQL syntax; check the manual that corresponds to your MariaDB server version for the right syntax to use near '' at line 7
#0 C:\xampp\htdocs\icoop\vendor\codeigniter4\framework\system\Database\MySQLi\Connection.php(331): mysqli->query('SELECT *\nFROM `...')
#1 C:\xampp\htdocs\icoop\vendor\codeigniter4\framework\system\Database\BaseConnection.php(741): CodeIgniter\Database\MySQLi\Connection->execute('SELECT *\nFROM `...')
#2 C:\xampp\htdocs\icoop\vendor\codeigniter4\framework\system\Database\BaseConnection.php(669): CodeIgniter\Database\BaseConnection->simpleQuery('SELECT *\nFROM `...')
#3 C:\xampp\htdocs\icoop\vendor\codeigniter4\framework\system\Database\BaseBuilder.php(1860): CodeIgniter\Database\BaseConnection->query('SELECT *\nFROM `...', Array, false)
#4 C:\xampp\htdocs\icoop\app\Models\LoanModel.php(75): CodeIgniter\Database\BaseBuilder->get()
#5 C:\xampp\htdocs\icoop\app\Controllers\Cooperators.php(828): App\Models\LoanModel->get_loan_ledger_past_year('12345', '4', NULL)
#6 C:\xampp\htdocs\icoop\vendor\codeigniter4\framework\system\CodeIgniter.php(918): App\Controllers\Cooperators->loan_ledger('12345')
#7 C:\xampp\htdocs\icoop\vendor\codeigniter4\framework\system\CodeIgniter.php(404): CodeIgniter\CodeIgniter->runController(Object(App\Controllers\Cooperators))
#8 C:\xampp\htdocs\icoop\vendor\codeigniter4\framework\system\CodeIgniter.php(312): CodeIgniter\CodeIgniter->handleRequest(NULL, Object(Config\Cache), false)
#9 C:\xampp\htdocs\icoop\public\index.php(45): CodeIgniter\CodeIgniter->run()
#10 C:\xampp\htdocs\icoop\vendor\codeigniter4\framework\system\Commands\Server\rewrite.php(34): require_once('C:\\xampp\\htdocs...')
#11 {main}
CRITICAL - 2021-02-08 18:32:52 --> Cannot use object of type stdClass as array
#0 C:\xampp\htdocs\icoop\vendor\codeigniter4\framework\system\View\View.php(246): include()
#1 C:\xampp\htdocs\icoop\vendor\codeigniter4\framework\system\Common.php(1119): CodeIgniter\View\View->render('pages/cooperato...', Array, true)
#2 C:\xampp\htdocs\icoop\app\Controllers\BaseController.php(61): view('pages/cooperato...', Array)
#3 C:\xampp\htdocs\icoop\app\Controllers\Cooperators.php(805): App\Controllers\BaseController->authenticate_user('administrator@a...', 'pages/cooperato...', Array)
#4 C:\xampp\htdocs\icoop\vendor\codeigniter4\framework\system\CodeIgniter.php(918): App\Controllers\Cooperators->loan_ledger('12345')
#5 C:\xampp\htdocs\icoop\vendor\codeigniter4\framework\system\CodeIgniter.php(404): CodeIgniter\CodeIgniter->runController(Object(App\Controllers\Cooperators))
#6 C:\xampp\htdocs\icoop\vendor\codeigniter4\framework\system\CodeIgniter.php(312): CodeIgniter\CodeIgniter->handleRequest(NULL, Object(Config\Cache), false)
#7 C:\xampp\htdocs\icoop\public\index.php(45): CodeIgniter\CodeIgniter->run()
#8 C:\xampp\htdocs\icoop\vendor\codeigniter4\framework\system\Commands\Server\rewrite.php(34): require_once('C:\\xampp\\htdocs...')
#9 {main}
CRITICAL - 2021-02-08 18:34:57 --> Cannot use object of type stdClass as array
#0 C:\xampp\htdocs\icoop\vendor\codeigniter4\framework\system\View\View.php(246): include()
#1 C:\xampp\htdocs\icoop\vendor\codeigniter4\framework\system\Common.php(1119): CodeIgniter\View\View->render('pages/cooperato...', Array, true)
#2 C:\xampp\htdocs\icoop\app\Controllers\BaseController.php(61): view('pages/cooperato...', Array)
#3 C:\xampp\htdocs\icoop\app\Controllers\Cooperators.php(805): App\Controllers\BaseController->authenticate_user('administrator@a...', 'pages/cooperato...', Array)
#4 C:\xampp\htdocs\icoop\vendor\codeigniter4\framework\system\CodeIgniter.php(918): App\Controllers\Cooperators->loan_ledger('12345')
#5 C:\xampp\htdocs\icoop\vendor\codeigniter4\framework\system\CodeIgniter.php(404): CodeIgniter\CodeIgniter->runController(Object(App\Controllers\Cooperators))
#6 C:\xampp\htdocs\icoop\vendor\codeigniter4\framework\system\CodeIgniter.php(312): CodeIgniter\CodeIgniter->handleRequest(NULL, Object(Config\Cache), false)
#7 C:\xampp\htdocs\icoop\public\index.php(45): CodeIgniter\CodeIgniter->run()
#8 C:\xampp\htdocs\icoop\vendor\codeigniter4\framework\system\Commands\Server\rewrite.php(34): require_once('C:\\xampp\\htdocs...')
#9 {main}
CRITICAL - 2021-02-08 18:35:29 --> Call to undefined function App\Controllers\object()
#0 C:\xampp\htdocs\icoop\vendor\codeigniter4\framework\system\CodeIgniter.php(918): App\Controllers\Cooperators->loan_ledger('12345')
#1 C:\xampp\htdocs\icoop\vendor\codeigniter4\framework\system\CodeIgniter.php(404): CodeIgniter\CodeIgniter->runController(Object(App\Controllers\Cooperators))
#2 C:\xampp\htdocs\icoop\vendor\codeigniter4\framework\system\CodeIgniter.php(312): CodeIgniter\CodeIgniter->handleRequest(NULL, Object(Config\Cache), false)
#3 C:\xampp\htdocs\icoop\public\index.php(45): CodeIgniter\CodeIgniter->run()
#4 C:\xampp\htdocs\icoop\vendor\codeigniter4\framework\system\Commands\Server\rewrite.php(34): require_once('C:\\xampp\\htdocs...')
#5 {main}
CRITICAL - 2021-02-08 18:36:05 --> Cannot use object of type stdClass as array
#0 C:\xampp\htdocs\icoop\vendor\codeigniter4\framework\system\View\View.php(246): include()
#1 C:\xampp\htdocs\icoop\vendor\codeigniter4\framework\system\Common.php(1119): CodeIgniter\View\View->render('pages/cooperato...', Array, true)
#2 C:\xampp\htdocs\icoop\app\Controllers\BaseController.php(61): view('pages/cooperato...', Array)
#3 C:\xampp\htdocs\icoop\app\Controllers\Cooperators.php(805): App\Controllers\BaseController->authenticate_user('administrator@a...', 'pages/cooperato...', Array)
#4 C:\xampp\htdocs\icoop\vendor\codeigniter4\framework\system\CodeIgniter.php(918): App\Controllers\Cooperators->loan_ledger('12345')
#5 C:\xampp\htdocs\icoop\vendor\codeigniter4\framework\system\CodeIgniter.php(404): CodeIgniter\CodeIgniter->runController(Object(App\Controllers\Cooperators))
#6 C:\xampp\htdocs\icoop\vendor\codeigniter4\framework\system\CodeIgniter.php(312): CodeIgniter\CodeIgniter->handleRequest(NULL, Object(Config\Cache), false)
#7 C:\xampp\htdocs\icoop\public\index.php(45): CodeIgniter\CodeIgniter->run()
#8 C:\xampp\htdocs\icoop\vendor\codeigniter4\framework\system\Commands\Server\rewrite.php(34): require_once('C:\\xampp\\htdocs...')
#9 {main}
CRITICAL - 2021-02-08 18:36:25 --> Cannot use object of type stdClass as array
#0 C:\xampp\htdocs\icoop\vendor\codeigniter4\framework\system\View\View.php(246): include()
#1 C:\xampp\htdocs\icoop\vendor\codeigniter4\framework\system\Common.php(1119): CodeIgniter\View\View->render('pages/cooperato...', Array, true)
#2 C:\xampp\htdocs\icoop\app\Controllers\BaseController.php(61): view('pages/cooperato...', Array)
#3 C:\xampp\htdocs\icoop\app\Controllers\Cooperators.php(805): App\Controllers\BaseController->authenticate_user('administrator@a...', 'pages/cooperato...', Array)
#4 C:\xampp\htdocs\icoop\vendor\codeigniter4\framework\system\CodeIgniter.php(918): App\Controllers\Cooperators->loan_ledger('12345')
#5 C:\xampp\htdocs\icoop\vendor\codeigniter4\framework\system\CodeIgniter.php(404): CodeIgniter\CodeIgniter->runController(Object(App\Controllers\Cooperators))
#6 C:\xampp\htdocs\icoop\vendor\codeigniter4\framework\system\CodeIgniter.php(312): CodeIgniter\CodeIgniter->handleRequest(NULL, Object(Config\Cache), false)
#7 C:\xampp\htdocs\icoop\public\index.php(45): CodeIgniter\CodeIgniter->run()
#8 C:\xampp\htdocs\icoop\vendor\codeigniter4\framework\system\Commands\Server\rewrite.php(34): require_once('C:\\xampp\\htdocs...')
#9 {main}
CRITICAL - 2021-02-08 18:39:36 --> Cannot use object of type stdClass as array
#0 C:\xampp\htdocs\icoop\vendor\codeigniter4\framework\system\View\View.php(246): include()
#1 C:\xampp\htdocs\icoop\vendor\codeigniter4\framework\system\Common.php(1119): CodeIgniter\View\View->render('pages/cooperato...', Array, true)
#2 C:\xampp\htdocs\icoop\app\Controllers\BaseController.php(61): view('pages/cooperato...', Array)
#3 C:\xampp\htdocs\icoop\app\Controllers\Cooperators.php(805): App\Controllers\BaseController->authenticate_user('administrator@a...', 'pages/cooperato...', Array)
#4 C:\xampp\htdocs\icoop\vendor\codeigniter4\framework\system\CodeIgniter.php(918): App\Controllers\Cooperators->loan_ledger('12345')
#5 C:\xampp\htdocs\icoop\vendor\codeigniter4\framework\system\CodeIgniter.php(404): CodeIgniter\CodeIgniter->runController(Object(App\Controllers\Cooperators))
#6 C:\xampp\htdocs\icoop\vendor\codeigniter4\framework\system\CodeIgniter.php(312): CodeIgniter\CodeIgniter->handleRequest(NULL, Object(Config\Cache), false)
#7 C:\xampp\htdocs\icoop\public\index.php(45): CodeIgniter\CodeIgniter->run()
#8 C:\xampp\htdocs\icoop\vendor\codeigniter4\framework\system\Commands\Server\rewrite.php(34): require_once('C:\\xampp\\htdocs...')
#9 {main}
CRITICAL - 2021-02-08 18:40:20 --> Undefined property: stdClass::$amount
#0 C:\xampp\htdocs\icoop\app\Views\pages\cooperators\loan_ledger.php(69): CodeIgniter\Debug\Exceptions->errorHandler(8, 'Undefined prope...', 'C:\\xampp\\htdocs...', 69, Array)
#1 C:\xampp\htdocs\icoop\vendor\codeigniter4\framework\system\View\View.php(246): include('C:\\xampp\\htdocs...')
#2 C:\xampp\htdocs\icoop\vendor\codeigniter4\framework\system\Common.php(1119): CodeIgniter\View\View->render('pages/cooperato...', Array, true)
#3 C:\xampp\htdocs\icoop\app\Controllers\BaseController.php(61): view('pages/cooperato...', Array)
#4 C:\xampp\htdocs\icoop\app\Controllers\Cooperators.php(805): App\Controllers\BaseController->authenticate_user('administrator@a...', 'pages/cooperato...', Array)
#5 C:\xampp\htdocs\icoop\vendor\codeigniter4\framework\system\CodeIgniter.php(918): App\Controllers\Cooperators->loan_ledger('12345')
#6 C:\xampp\htdocs\icoop\vendor\codeigniter4\framework\system\CodeIgniter.php(404): CodeIgniter\CodeIgniter->runController(Object(App\Controllers\Cooperators))
#7 C:\xampp\htdocs\icoop\vendor\codeigniter4\framework\system\CodeIgniter.php(312): CodeIgniter\CodeIgniter->handleRequest(NULL, Object(Config\Cache), false)
#8 C:\xampp\htdocs\icoop\public\index.php(45): CodeIgniter\CodeIgniter->run()
#9 C:\xampp\htdocs\icoop\vendor\codeigniter4\framework\system\Commands\Server\rewrite.php(34): require_once('C:\\xampp\\htdocs...')
#10 {main}
CRITICAL - 2021-02-08 18:40:42 --> Undefined property: stdClass::$amount
#0 C:\xampp\htdocs\icoop\app\Views\pages\cooperators\loan_ledger.php(69): CodeIgniter\Debug\Exceptions->errorHandler(8, 'Undefined prope...', 'C:\\xampp\\htdocs...', 69, Array)
#1 C:\xampp\htdocs\icoop\vendor\codeigniter4\framework\system\View\View.php(246): include('C:\\xampp\\htdocs...')
#2 C:\xampp\htdocs\icoop\vendor\codeigniter4\framework\system\Common.php(1119): CodeIgniter\View\View->render('pages/cooperato...', Array, true)
#3 C:\xampp\htdocs\icoop\app\Controllers\BaseController.php(61): view('pages/cooperato...', Array)
#4 C:\xampp\htdocs\icoop\app\Controllers\Cooperators.php(805): App\Controllers\BaseController->authenticate_user('administrator@a...', 'pages/cooperato...', Array)
#5 C:\xampp\htdocs\icoop\vendor\codeigniter4\framework\system\CodeIgniter.php(918): App\Controllers\Cooperators->loan_ledger('12345')
#6 C:\xampp\htdocs\icoop\vendor\codeigniter4\framework\system\CodeIgniter.php(404): CodeIgniter\CodeIgniter->runController(Object(App\Controllers\Cooperators))
#7 C:\xampp\htdocs\icoop\vendor\codeigniter4\framework\system\CodeIgniter.php(312): CodeIgniter\CodeIgniter->handleRequest(NULL, Object(Config\Cache), false)
#8 C:\xampp\htdocs\icoop\public\index.php(45): CodeIgniter\CodeIgniter->run()
#9 C:\xampp\htdocs\icoop\vendor\codeigniter4\framework\system\Commands\Server\rewrite.php(34): require_once('C:\\xampp\\htdocs...')
#10 {main}
CRITICAL - 2021-02-08 18:41:41 --> Undefined property: stdClass::$amount
#0 C:\xampp\htdocs\icoop\app\Views\pages\cooperators\loan_ledger.php(69): CodeIgniter\Debug\Exceptions->errorHandler(8, 'Undefined prope...', 'C:\\xampp\\htdocs...', 69, Array)
#1 C:\xampp\htdocs\icoop\vendor\codeigniter4\framework\system\View\View.php(246): include('C:\\xampp\\htdocs...')
#2 C:\xampp\htdocs\icoop\vendor\codeigniter4\framework\system\Common.php(1119): CodeIgniter\View\View->render('pages/cooperato...', Array, true)
#3 C:\xampp\htdocs\icoop\app\Controllers\BaseController.php(61): view('pages/cooperato...', Array)
#4 C:\xampp\htdocs\icoop\app\Controllers\Cooperators.php(805): App\Controllers\BaseController->authenticate_user('administrator@a...', 'pages/cooperato...', Array)
#5 C:\xampp\htdocs\icoop\vendor\codeigniter4\framework\system\CodeIgniter.php(918): App\Controllers\Cooperators->loan_ledger('12345')
#6 C:\xampp\htdocs\icoop\vendor\codeigniter4\framework\system\CodeIgniter.php(404): CodeIgniter\CodeIgniter->runController(Object(App\Controllers\Cooperators))
#7 C:\xampp\htdocs\icoop\vendor\codeigniter4\framework\system\CodeIgniter.php(312): CodeIgniter\CodeIgniter->handleRequest(NULL, Object(Config\Cache), false)
#8 C:\xampp\htdocs\icoop\public\index.php(45): CodeIgniter\CodeIgniter->run()
#9 C:\xampp\htdocs\icoop\vendor\codeigniter4\framework\system\Commands\Server\rewrite.php(34): require_once('C:\\xampp\\htdocs...')
#10 {main}
CRITICAL - 2021-02-08 18:41:49 --> Cannot use object of type stdClass as array
#0 C:\xampp\htdocs\icoop\vendor\codeigniter4\framework\system\View\View.php(246): include()
#1 C:\xampp\htdocs\icoop\vendor\codeigniter4\framework\system\Common.php(1119): CodeIgniter\View\View->render('pages/cooperato...', Array, true)
#2 C:\xampp\htdocs\icoop\app\Controllers\BaseController.php(61): view('pages/cooperato...', Array)
#3 C:\xampp\htdocs\icoop\app\Controllers\Cooperators.php(805): App\Controllers\BaseController->authenticate_user('administrator@a...', 'pages/cooperato...', Array)
#4 C:\xampp\htdocs\icoop\vendor\codeigniter4\framework\system\CodeIgniter.php(918): App\Controllers\Cooperators->loan_ledger('12345')
#5 C:\xampp\htdocs\icoop\vendor\codeigniter4\framework\system\CodeIgniter.php(404): CodeIgniter\CodeIgniter->runController(Object(App\Controllers\Cooperators))
#6 C:\xampp\htdocs\icoop\vendor\codeigniter4\framework\system\CodeIgniter.php(312): CodeIgniter\CodeIgniter->handleRequest(NULL, Object(Config\Cache), false)
#7 C:\xampp\htdocs\icoop\public\index.php(45): CodeIgniter\CodeIgniter->run()
#8 C:\xampp\htdocs\icoop\vendor\codeigniter4\framework\system\Commands\Server\rewrite.php(34): require_once('C:\\xampp\\htdocs...')
#9 {main}
CRITICAL - 2021-02-08 18:42:08 --> Undefined variable: bf
#0 C:\xampp\htdocs\icoop\app\Views\pages\cooperators\loan_ledger.php(125): CodeIgniter\Debug\Exceptions->errorHandler(8, 'Undefined varia...', 'C:\\xampp\\htdocs...', 125, Array)
#1 C:\xampp\htdocs\icoop\vendor\codeigniter4\framework\system\View\View.php(246): include('C:\\xampp\\htdocs...')
#2 C:\xampp\htdocs\icoop\vendor\codeigniter4\framework\system\Common.php(1119): CodeIgniter\View\View->render('pages/cooperato...', Array, true)
#3 C:\xampp\htdocs\icoop\app\Controllers\BaseController.php(61): view('pages/cooperato...', Array)
#4 C:\xampp\htdocs\icoop\app\Controllers\Cooperators.php(805): App\Controllers\BaseController->authenticate_user('administrator@a...', 'pages/cooperato...', Array)
#5 C:\xampp\htdocs\icoop\vendor\codeigniter4\framework\system\CodeIgniter.php(918): App\Controllers\Cooperators->loan_ledger('12345')
#6 C:\xampp\htdocs\icoop\vendor\codeigniter4\framework\system\CodeIgniter.php(404): CodeIgniter\CodeIgniter->runController(Object(App\Controllers\Cooperators))
#7 C:\xampp\htdocs\icoop\vendor\codeigniter4\framework\system\CodeIgniter.php(312): CodeIgniter\CodeIgniter->handleRequest(NULL, Object(Config\Cache), false)
#8 C:\xampp\htdocs\icoop\public\index.php(45): CodeIgniter\CodeIgniter->run()
#9 C:\xampp\htdocs\icoop\vendor\codeigniter4\framework\system\Commands\Server\rewrite.php(34): require_once('C:\\xampp\\htdocs...')
#10 {main}
