CRITICAL - 2022-02-25 14:14:07 --> filter_var(): Passing null to parameter #3 ($options) of type array|int is deprecated
#0 [internal function]: CodeIgniter\Debug\Exceptions->errorHandler(8192, 'filter_var(): P...', 'C:\\xampp\\htdocs...', 439)
#1 C:\xampp\htdocs\icoop\vendor\codeigniter4\framework\system\HTTP\Request.php(439): filter_var(4, 519, NULL)
#2 C:\xampp\htdocs\icoop\vendor\codeigniter4\framework\system\HTTP\Request.php(297): CodeIgniter\HTTP\Request->fetchGlobal('server', 'argc', 519, NULL)
#3 C:\xampp\htdocs\icoop\vendor\codeigniter4\framework\system\HTTP\CLIRequest.php(218): CodeIgniter\HTTP\Request->getServer('argc', 519)
#4 C:\xampp\htdocs\icoop\vendor\codeigniter4\framework\system\HTTP\CLIRequest.php(96): CodeIgniter\HTTP\CLIRequest->parseCommand()
#5 C:\xampp\htdocs\icoop\vendor\codeigniter4\framework\system\Config\Services.php(149): CodeIgniter\HTTP\CLIRequest->__construct(Object(Config\App))
#6 C:\xampp\htdocs\icoop\vendor\codeigniter4\framework\system\Config\BaseService.php(123): CodeIgniter\Config\Services::clirequest(Object(Config\App), false)
#7 C:\xampp\htdocs\icoop\vendor\codeigniter4\framework\system\Config\Services.php(141): CodeIgniter\Config\BaseService::getSharedInstance('clirequest', Object(Config\App))
#8 C:\xampp\htdocs\icoop\vendor\codeigniter4\framework\system\CodeIgniter.php(564): CodeIgniter\Config\Services::clirequest(Object(Config\App))
#9 C:\xampp\htdocs\icoop\vendor\codeigniter4\framework\system\CodeIgniter.php(286): CodeIgniter\CodeIgniter->getRequestObject()
#10 C:\xampp\htdocs\icoop\vendor\codeigniter4\framework\system\CLI\Console.php(86): CodeIgniter\CodeIgniter->run()
#11 C:\xampp\htdocs\icoop\spark(57): CodeIgniter\CLI\Console->run()
#12 {main}
CRITICAL - 2022-02-25 14:14:34 --> filter_var(): Passing null to parameter #3 ($options) of type array|int is deprecated
#0 [internal function]: CodeIgniter\Debug\Exceptions->errorHandler(8192, 'filter_var(): P...', 'C:\\xampp\\htdocs...', 439)
#1 C:\xampp\htdocs\icoop\vendor\codeigniter4\framework\system\HTTP\Request.php(439): filter_var(2, 519, NULL)
#2 C:\xampp\htdocs\icoop\vendor\codeigniter4\framework\system\HTTP\Request.php(297): CodeIgniter\HTTP\Request->fetchGlobal('server', 'argc', 519, NULL)
#3 C:\xampp\htdocs\icoop\vendor\codeigniter4\framework\system\HTTP\CLIRequest.php(218): CodeIgniter\HTTP\Request->getServer('argc', 519)
#4 C:\xampp\htdocs\icoop\vendor\codeigniter4\framework\system\HTTP\CLIRequest.php(96): CodeIgniter\HTTP\CLIRequest->parseCommand()
#5 C:\xampp\htdocs\icoop\vendor\codeigniter4\framework\system\Config\Services.php(149): CodeIgniter\HTTP\CLIRequest->__construct(Object(Config\App))
#6 C:\xampp\htdocs\icoop\vendor\codeigniter4\framework\system\Config\BaseService.php(123): CodeIgniter\Config\Services::clirequest(Object(Config\App), false)
#7 C:\xampp\htdocs\icoop\vendor\codeigniter4\framework\system\Config\Services.php(141): CodeIgniter\Config\BaseService::getSharedInstance('clirequest', Object(Config\App))
#8 C:\xampp\htdocs\icoop\vendor\codeigniter4\framework\system\CodeIgniter.php(564): CodeIgniter\Config\Services::clirequest(Object(Config\App))
#9 C:\xampp\htdocs\icoop\vendor\codeigniter4\framework\system\CodeIgniter.php(286): CodeIgniter\CodeIgniter->getRequestObject()
#10 C:\xampp\htdocs\icoop\vendor\codeigniter4\framework\system\CLI\Console.php(86): CodeIgniter\CodeIgniter->run()
#11 C:\xampp\htdocs\icoop\spark(57): CodeIgniter\CLI\Console->run()
#12 {main}
