CRITICAL - 2020-12-21 02:17:36 --> Trying to get property 'application_id' of non-object
#0 C:\xampp\htdocs\icoop\app\Controllers\Cooperators.php(398): CodeIgniter\Debug\Exceptions->errorHandler(8, 'Trying to get p...', 'C:\\xampp\\htdocs...', 398, Array)
#1 C:\xampp\htdocs\icoop\vendor\codeigniter4\framework\system\CodeIgniter.php(918): App\Controllers\Cooperators->approve_application_('1')
#2 C:\xampp\htdocs\icoop\vendor\codeigniter4\framework\system\CodeIgniter.php(404): CodeIgniter\CodeIgniter->runController(Object(App\Controllers\Cooperators))
#3 C:\xampp\htdocs\icoop\vendor\codeigniter4\framework\system\CodeIgniter.php(312): CodeIgniter\CodeIgniter->handleRequest(NULL, Object(Config\Cache), false)
#4 C:\xampp\htdocs\icoop\public\index.php(45): CodeIgniter\CodeIgniter->run()
#5 C:\xampp\htdocs\icoop\vendor\codeigniter4\framework\system\Commands\Server\rewrite.php(34): require_once('C:\\xampp\\htdocs...')
#6 {main}
CRITICAL - 2020-12-21 02:25:39 --> Undefined index: application_id
#0 C:\xampp\htdocs\icoop\app\Controllers\Cooperators.php(398): CodeIgniter\Debug\Exceptions->errorHandler(8, 'Undefined index...', 'C:\\xampp\\htdocs...', 398, Array)
#1 C:\xampp\htdocs\icoop\vendor\codeigniter4\framework\system\CodeIgniter.php(918): App\Controllers\Cooperators->approve_application_('1')
#2 C:\xampp\htdocs\icoop\vendor\codeigniter4\framework\system\CodeIgniter.php(404): CodeIgniter\CodeIgniter->runController(Object(App\Controllers\Cooperators))
#3 C:\xampp\htdocs\icoop\vendor\codeigniter4\framework\system\CodeIgniter.php(312): CodeIgniter\CodeIgniter->handleRequest(NULL, Object(Config\Cache), false)
#4 C:\xampp\htdocs\icoop\public\index.php(45): CodeIgniter\CodeIgniter->run()
#5 C:\xampp\htdocs\icoop\vendor\codeigniter4\framework\system\Commands\Server\rewrite.php(34): require_once('C:\\xampp\\htdocs...')
#6 {main}
CRITICAL - 2020-12-21 02:26:16 --> Undefined index: application_staff_id
#0 C:\xampp\htdocs\icoop\app\Controllers\Cooperators.php(399): CodeIgniter\Debug\Exceptions->errorHandler(8, 'Undefined index...', 'C:\\xampp\\htdocs...', 399, Array)
#1 C:\xampp\htdocs\icoop\vendor\codeigniter4\framework\system\CodeIgniter.php(918): App\Controllers\Cooperators->approve_application_('1')
#2 C:\xampp\htdocs\icoop\vendor\codeigniter4\framework\system\CodeIgniter.php(404): CodeIgniter\CodeIgniter->runController(Object(App\Controllers\Cooperators))
#3 C:\xampp\htdocs\icoop\vendor\codeigniter4\framework\system\CodeIgniter.php(312): CodeIgniter\CodeIgniter->handleRequest(NULL, Object(Config\Cache), false)
#4 C:\xampp\htdocs\icoop\public\index.php(45): CodeIgniter\CodeIgniter->run()
#5 C:\xampp\htdocs\icoop\vendor\codeigniter4\framework\system\Commands\Server\rewrite.php(34): require_once('C:\\xampp\\htdocs...')
#6 {main}
CRITICAL - 2020-12-21 02:27:20 --> Trying to get property 'application_id' of non-object
#0 C:\xampp\htdocs\icoop\app\Controllers\Cooperators.php(398): CodeIgniter\Debug\Exceptions->errorHandler(8, 'Trying to get p...', 'C:\\xampp\\htdocs...', 398, Array)
#1 C:\xampp\htdocs\icoop\vendor\codeigniter4\framework\system\CodeIgniter.php(918): App\Controllers\Cooperators->approve_application_('1')
#2 C:\xampp\htdocs\icoop\vendor\codeigniter4\framework\system\CodeIgniter.php(404): CodeIgniter\CodeIgniter->runController(Object(App\Controllers\Cooperators))
#3 C:\xampp\htdocs\icoop\vendor\codeigniter4\framework\system\CodeIgniter.php(312): CodeIgniter\CodeIgniter->handleRequest(NULL, Object(Config\Cache), false)
#4 C:\xampp\htdocs\icoop\public\index.php(45): CodeIgniter\CodeIgniter->run()
#5 C:\xampp\htdocs\icoop\vendor\codeigniter4\framework\system\Commands\Server\rewrite.php(34): require_once('C:\\xampp\\htdocs...')
#6 {main}
CRITICAL - 2020-12-21 02:28:24 --> Trying to get property 'application_id' of non-object
#0 C:\xampp\htdocs\icoop\app\Controllers\Cooperators.php(398): CodeIgniter\Debug\Exceptions->errorHandler(8, 'Trying to get p...', 'C:\\xampp\\htdocs...', 398, Array)
#1 C:\xampp\htdocs\icoop\vendor\codeigniter4\framework\system\CodeIgniter.php(918): App\Controllers\Cooperators->approve_application_('1')
#2 C:\xampp\htdocs\icoop\vendor\codeigniter4\framework\system\CodeIgniter.php(404): CodeIgniter\CodeIgniter->runController(Object(App\Controllers\Cooperators))
#3 C:\xampp\htdocs\icoop\vendor\codeigniter4\framework\system\CodeIgniter.php(312): CodeIgniter\CodeIgniter->handleRequest(NULL, Object(Config\Cache), false)
#4 C:\xampp\htdocs\icoop\public\index.php(45): CodeIgniter\CodeIgniter->run()
#5 C:\xampp\htdocs\icoop\vendor\codeigniter4\framework\system\Commands\Server\rewrite.php(34): require_once('C:\\xampp\\htdocs...')
#6 {main}
CRITICAL - 2020-12-21 06:22:42 --> Column 'cooperator_gender' cannot be null
#0 C:\xampp\htdocs\icoop\vendor\codeigniter4\framework\system\Database\MySQLi\Connection.php(331): mysqli->query('INSERT INTO `co...')
#1 C:\xampp\htdocs\icoop\vendor\codeigniter4\framework\system\Database\BaseConnection.php(741): CodeIgniter\Database\MySQLi\Connection->execute('INSERT INTO `co...')
#2 C:\xampp\htdocs\icoop\vendor\codeigniter4\framework\system\Database\BaseConnection.php(669): CodeIgniter\Database\BaseConnection->simpleQuery('INSERT INTO `co...')
#3 C:\xampp\htdocs\icoop\vendor\codeigniter4\framework\system\Database\BaseBuilder.php(2249): CodeIgniter\Database\BaseConnection->query('INSERT INTO `co...', Array, false)
#4 C:\xampp\htdocs\icoop\vendor\codeigniter4\framework\system\Model.php(755): CodeIgniter\Database\BaseBuilder->insert()
#5 C:\xampp\htdocs\icoop\vendor\codeigniter4\framework\system\Model.php(574): CodeIgniter\Model->insert(Array, false)
#6 C:\xampp\htdocs\icoop\app\Controllers\Cooperators.php(482): CodeIgniter\Model->save(Array)
#7 C:\xampp\htdocs\icoop\vendor\codeigniter4\framework\system\CodeIgniter.php(918): App\Controllers\Cooperators->approve_application_('1')
#8 C:\xampp\htdocs\icoop\vendor\codeigniter4\framework\system\CodeIgniter.php(404): CodeIgniter\CodeIgniter->runController(Object(App\Controllers\Cooperators))
#9 C:\xampp\htdocs\icoop\vendor\codeigniter4\framework\system\CodeIgniter.php(312): CodeIgniter\CodeIgniter->handleRequest(NULL, Object(Config\Cache), false)
#10 C:\xampp\htdocs\icoop\public\index.php(45): CodeIgniter\CodeIgniter->run()
#11 C:\xampp\htdocs\icoop\vendor\codeigniter4\framework\system\Commands\Server\rewrite.php(34): require_once('C:\\xampp\\htdocs...')
#12 {main}
CRITICAL - 2020-12-21 06:25:41 --> Column 'cooperator_address' cannot be null
#0 C:\xampp\htdocs\icoop\vendor\codeigniter4\framework\system\Database\MySQLi\Connection.php(331): mysqli->query('INSERT INTO `co...')
#1 C:\xampp\htdocs\icoop\vendor\codeigniter4\framework\system\Database\BaseConnection.php(741): CodeIgniter\Database\MySQLi\Connection->execute('INSERT INTO `co...')
#2 C:\xampp\htdocs\icoop\vendor\codeigniter4\framework\system\Database\BaseConnection.php(669): CodeIgniter\Database\BaseConnection->simpleQuery('INSERT INTO `co...')
#3 C:\xampp\htdocs\icoop\vendor\codeigniter4\framework\system\Database\BaseBuilder.php(2249): CodeIgniter\Database\BaseConnection->query('INSERT INTO `co...', Array, false)
#4 C:\xampp\htdocs\icoop\vendor\codeigniter4\framework\system\Model.php(755): CodeIgniter\Database\BaseBuilder->insert()
#5 C:\xampp\htdocs\icoop\vendor\codeigniter4\framework\system\Model.php(574): CodeIgniter\Model->insert(Array, false)
#6 C:\xampp\htdocs\icoop\app\Controllers\Cooperators.php(482): CodeIgniter\Model->save(Array)
#7 C:\xampp\htdocs\icoop\vendor\codeigniter4\framework\system\CodeIgniter.php(918): App\Controllers\Cooperators->approve_application_('1')
#8 C:\xampp\htdocs\icoop\vendor\codeigniter4\framework\system\CodeIgniter.php(404): CodeIgniter\CodeIgniter->runController(Object(App\Controllers\Cooperators))
#9 C:\xampp\htdocs\icoop\vendor\codeigniter4\framework\system\CodeIgniter.php(312): CodeIgniter\CodeIgniter->handleRequest(NULL, Object(Config\Cache), false)
#10 C:\xampp\htdocs\icoop\public\index.php(45): CodeIgniter\CodeIgniter->run()
#11 C:\xampp\htdocs\icoop\vendor\codeigniter4\framework\system\Commands\Server\rewrite.php(34): require_once('C:\\xampp\\htdocs...')
#12 {main}
CRITICAL - 2020-12-21 06:26:38 --> Column 'cooperator_savings' cannot be null
#0 C:\xampp\htdocs\icoop\vendor\codeigniter4\framework\system\Database\MySQLi\Connection.php(331): mysqli->query('INSERT INTO `co...')
#1 C:\xampp\htdocs\icoop\vendor\codeigniter4\framework\system\Database\BaseConnection.php(741): CodeIgniter\Database\MySQLi\Connection->execute('INSERT INTO `co...')
#2 C:\xampp\htdocs\icoop\vendor\codeigniter4\framework\system\Database\BaseConnection.php(669): CodeIgniter\Database\BaseConnection->simpleQuery('INSERT INTO `co...')
#3 C:\xampp\htdocs\icoop\vendor\codeigniter4\framework\system\Database\BaseBuilder.php(2249): CodeIgniter\Database\BaseConnection->query('INSERT INTO `co...', Array, false)
#4 C:\xampp\htdocs\icoop\vendor\codeigniter4\framework\system\Model.php(755): CodeIgniter\Database\BaseBuilder->insert()
#5 C:\xampp\htdocs\icoop\vendor\codeigniter4\framework\system\Model.php(574): CodeIgniter\Model->insert(Array, false)
#6 C:\xampp\htdocs\icoop\app\Controllers\Cooperators.php(482): CodeIgniter\Model->save(Array)
#7 C:\xampp\htdocs\icoop\vendor\codeigniter4\framework\system\CodeIgniter.php(918): App\Controllers\Cooperators->approve_application_('1')
#8 C:\xampp\htdocs\icoop\vendor\codeigniter4\framework\system\CodeIgniter.php(404): CodeIgniter\CodeIgniter->runController(Object(App\Controllers\Cooperators))
#9 C:\xampp\htdocs\icoop\vendor\codeigniter4\framework\system\CodeIgniter.php(312): CodeIgniter\CodeIgniter->handleRequest(NULL, Object(Config\Cache), false)
#10 C:\xampp\htdocs\icoop\public\index.php(45): CodeIgniter\CodeIgniter->run()
#11 C:\xampp\htdocs\icoop\vendor\codeigniter4\framework\system\Commands\Server\rewrite.php(34): require_once('C:\\xampp\\htdocs...')
#12 {main}
