CRITICAL - 2021-01-16 00:17:49 --> Undefined index: temp_pd_date
#0 C:\xampp\htdocs\icoop\app\Views\pages\routine\view_contribution_upload.php(58): CodeIgniter\Debug\Exceptions->errorHandler(8, 'Undefined index...', 'C:\\xampp\\htdocs...', 58, Array)
#1 C:\xampp\htdocs\icoop\vendor\codeigniter4\framework\system\View\View.php(246): include('C:\\xampp\\htdocs...')
#2 C:\xampp\htdocs\icoop\vendor\codeigniter4\framework\system\Common.php(1119): CodeIgniter\View\View->render('pages/routine/v...', Array, true)
#3 C:\xampp\htdocs\icoop\app\Controllers\Routine.php(169): view('pages/routine/v...', Array)
#4 C:\xampp\htdocs\icoop\vendor\codeigniter4\framework\system\CodeIgniter.php(918): App\Controllers\Routine->process_contribution_upload()
#5 C:\xampp\htdocs\icoop\vendor\codeigniter4\framework\system\CodeIgniter.php(404): CodeIgniter\CodeIgniter->runController(Object(App\Controllers\Routine))
#6 C:\xampp\htdocs\icoop\vendor\codeigniter4\framework\system\CodeIgniter.php(312): CodeIgniter\CodeIgniter->handleRequest(NULL, Object(Config\Cache), false)
#7 C:\xampp\htdocs\icoop\public\index.php(45): CodeIgniter\CodeIgniter->run()
#8 C:\xampp\htdocs\icoop\vendor\codeigniter4\framework\system\Commands\Server\rewrite.php(34): require_once('C:\\xampp\\htdocs...')
#9 {main}
CRITICAL - 2021-01-16 08:02:11 --> Deletes are not allowed unless they contain a "where" or "like" clause.
#0 C:\xampp\htdocs\icoop\app\Models\TempPaymentsModel.php(17): CodeIgniter\Database\BaseBuilder->delete()
#1 C:\xampp\htdocs\icoop\app\Controllers\Routine.php(75): App\Models\TempPaymentsModel->delete_temp()
#2 C:\xampp\htdocs\icoop\vendor\codeigniter4\framework\system\CodeIgniter.php(918): App\Controllers\Routine->process_contribution_upload()
#3 C:\xampp\htdocs\icoop\vendor\codeigniter4\framework\system\CodeIgniter.php(404): CodeIgniter\CodeIgniter->runController(Object(App\Controllers\Routine))
#4 C:\xampp\htdocs\icoop\vendor\codeigniter4\framework\system\CodeIgniter.php(312): CodeIgniter\CodeIgniter->handleRequest(NULL, Object(Config\Cache), false)
#5 C:\xampp\htdocs\icoop\public\index.php(45): CodeIgniter\CodeIgniter->run()
#6 C:\xampp\htdocs\icoop\vendor\codeigniter4\framework\system\Commands\Server\rewrite.php(34): require_once('C:\\xampp\\htdocs...')
#7 {main}
CRITICAL - 2021-01-16 08:44:26 --> Illegal string offset 'contribution_type'
#0 C:\xampp\htdocs\icoop\app\Controllers\Routine.php(170): CodeIgniter\Debug\Exceptions->errorHandler(2, 'Illegal string ...', 'C:\\xampp\\htdocs...', 170, Array)
#1 C:\xampp\htdocs\icoop\vendor\codeigniter4\framework\system\CodeIgniter.php(918): App\Controllers\Routine->process_contribution_upload()
#2 C:\xampp\htdocs\icoop\vendor\codeigniter4\framework\system\CodeIgniter.php(404): CodeIgniter\CodeIgniter->runController(Object(App\Controllers\Routine))
#3 C:\xampp\htdocs\icoop\vendor\codeigniter4\framework\system\CodeIgniter.php(312): CodeIgniter\CodeIgniter->handleRequest(NULL, Object(Config\Cache), false)
#4 C:\xampp\htdocs\icoop\public\index.php(45): CodeIgniter\CodeIgniter->run()
#5 C:\xampp\htdocs\icoop\vendor\codeigniter4\framework\system\Commands\Server\rewrite.php(34): require_once('C:\\xampp\\htdocs...')
#6 {main}
CRITICAL - 2021-01-16 08:45:02 --> Cannot use object of type App\Models\ContributionTypeModel as array
#0 C:\xampp\htdocs\icoop\vendor\codeigniter4\framework\system\View\View.php(246): include()
#1 C:\xampp\htdocs\icoop\vendor\codeigniter4\framework\system\Common.php(1119): CodeIgniter\View\View->render('pages/routine/v...', Array, true)
#2 C:\xampp\htdocs\icoop\app\Controllers\Routine.php(177): view('pages/routine/v...', Array)
#3 C:\xampp\htdocs\icoop\vendor\codeigniter4\framework\system\CodeIgniter.php(918): App\Controllers\Routine->process_contribution_upload()
#4 C:\xampp\htdocs\icoop\vendor\codeigniter4\framework\system\CodeIgniter.php(404): CodeIgniter\CodeIgniter->runController(Object(App\Controllers\Routine))
#5 C:\xampp\htdocs\icoop\vendor\codeigniter4\framework\system\CodeIgniter.php(312): CodeIgniter\CodeIgniter->handleRequest(NULL, Object(Config\Cache), false)
#6 C:\xampp\htdocs\icoop\public\index.php(45): CodeIgniter\CodeIgniter->run()
#7 C:\xampp\htdocs\icoop\vendor\codeigniter4\framework\system\Commands\Server\rewrite.php(34): require_once('C:\\xampp\\htdocs...')
#8 {main}
