CRITICAL - 2020-12-19 14:17:46 --> Undefined property: App\Controllers\Usercontroller::$session
#0 C:\xampp\htdocs\icoop\app\Controllers\Usercontroller.php(137): CodeIgniter\Debug\Exceptions->errorHandler(8, 'Undefined prope...', 'C:\\xampp\\htdocs...', 137, Array)
#1 C:\xampp\htdocs\icoop\vendor\codeigniter4\framework\system\CodeIgniter.php(918): App\Controllers\Usercontroller->error_404()
#2 C:\xampp\htdocs\icoop\vendor\codeigniter4\framework\system\CodeIgniter.php(404): CodeIgniter\CodeIgniter->runController(Object(App\Controllers\Usercontroller))
#3 C:\xampp\htdocs\icoop\vendor\codeigniter4\framework\system\CodeIgniter.php(312): CodeIgniter\CodeIgniter->handleRequest(NULL, Object(Config\Cache), false)
#4 C:\xampp\htdocs\icoop\public\index.php(45): CodeIgniter\CodeIgniter->run()
#5 C:\xampp\htdocs\icoop\vendor\codeigniter4\framework\system\Commands\Server\rewrite.php(34): require_once('C:\\xampp\\htdocs...')
#6 {main}
CRITICAL - 2020-12-19 14:18:38 --> Argument 2 passed to view() must be of the type array, null given, called in C:\xampp\htdocs\icoop\app\Controllers\BaseController.php on line 56
#0 C:\xampp\htdocs\icoop\app\Controllers\BaseController.php(56): view('auth/error_404', NULL)
#1 C:\xampp\htdocs\icoop\app\Controllers\Usercontroller.php(153): App\Controllers\BaseController->authenticate_user('administrator@a...', 'auth/error_404')
#2 C:\xampp\htdocs\icoop\vendor\codeigniter4\framework\system\CodeIgniter.php(918): App\Controllers\Usercontroller->error_404()
#3 C:\xampp\htdocs\icoop\vendor\codeigniter4\framework\system\CodeIgniter.php(404): CodeIgniter\CodeIgniter->runController(Object(App\Controllers\Usercontroller))
#4 C:\xampp\htdocs\icoop\vendor\codeigniter4\framework\system\CodeIgniter.php(312): CodeIgniter\CodeIgniter->handleRequest(NULL, Object(Config\Cache), false)
#5 C:\xampp\htdocs\icoop\public\index.php(45): CodeIgniter\CodeIgniter->run()
#6 C:\xampp\htdocs\icoop\vendor\codeigniter4\framework\system\Commands\Server\rewrite.php(34): require_once('C:\\xampp\\htdocs...')
#7 {main}
CRITICAL - 2020-12-19 14:19:21 --> Argument 2 passed to view() must be of the type array, null given, called in C:\xampp\htdocs\icoop\app\Controllers\BaseController.php on line 56
#0 C:\xampp\htdocs\icoop\app\Controllers\BaseController.php(56): view('layouts/master', NULL)
#1 C:\xampp\htdocs\icoop\app\Controllers\Usercontroller.php(29): App\Controllers\BaseController->authenticate_user('administrator@a...', 'layouts/master')
#2 C:\xampp\htdocs\icoop\vendor\codeigniter4\framework\system\CodeIgniter.php(918): App\Controllers\Usercontroller->index()
#3 C:\xampp\htdocs\icoop\vendor\codeigniter4\framework\system\CodeIgniter.php(404): CodeIgniter\CodeIgniter->runController(Object(App\Controllers\Usercontroller))
#4 C:\xampp\htdocs\icoop\vendor\codeigniter4\framework\system\CodeIgniter.php(312): CodeIgniter\CodeIgniter->handleRequest(NULL, Object(Config\Cache), false)
#5 C:\xampp\htdocs\icoop\public\index.php(45): CodeIgniter\CodeIgniter->run()
#6 C:\xampp\htdocs\icoop\vendor\codeigniter4\framework\system\Commands\Server\rewrite.php(34): require_once('C:\\xampp\\htdocs...')
#7 {main}
